<?xml version="1.0" encoding="UTF-8"?>
<testsuite xmlns:xsi="http://www.w3.org/2001/XMLSchema-instance" xsi:noNamespaceSchemaLocation="https://maven.apache.org/surefire/maven-surefire-plugin/xsd/surefire-test-report-3.0.xsd" version="3.0" name="com.company.UserTest" time="0.014" tests="2" errors="2" skipped="0" failures="0">
  <properties>
[...]
</properties>
  <testcase name="test_retrieve_user_by_username_successfully" classname="com.company.UserTest" time="0.009">
    <error message="Preview features are not enabled for com/company/service/UserService (class file version 66.65535). Try running with &apos;--enable-preview&apos;" type="java.lang.UnsupportedClassVersionError"><![CDATA[java.lang.UnsupportedClassVersionError: Preview features are not enabled for com/company/service/UserService (class file version 66.65535). Try running with '--enable-preview'
	at java.base/java.lang.ClassLoader.defineClass1(Native Method)
	at java.base/java.lang.ClassLoader.defineClass(ClassLoader.java:1023)
	at java.base/java.security.SecureClassLoader.defineClass(SecureClassLoader.java:150)
	at java.base/jdk.internal.loader.BuiltinClassLoader.defineClass(BuiltinClassLoader.java:862)
	at java.base/jdk.internal.loader.BuiltinClassLoader.findClassOnClassPathOrNull(BuiltinClassLoader.java:760)
	at java.base/jdk.internal.loader.BuiltinClassLoader.loadClassOrNull(BuiltinClassLoader.java:681)
	at java.base/jdk.internal.loader.BuiltinClassLoader.loadClass(BuiltinClassLoader.java:639)
	at java.base/jdk.internal.loader.ClassLoaders$AppClassLoader.loadClass(ClassLoaders.java:188)
	at java.base/java.lang.ClassLoader.loadClass(ClassLoader.java:525)
	at com.company.UserTest.test_retrieve_user_by_username_successfully(UserTest.java:22)
	at java.base/java.lang.reflect.Method.invoke(Method.java:580)
	at java.base/java.util.ArrayList.forEach(ArrayList.java:1597)
	at java.base/java.util.ArrayList.forEach(ArrayList.java:1597)
]]></error>
  </testcase>
  <testcase name="test_username_does_not_exist_in_database" classname="com.company.UserTest" time="0.002">
    <error message="Preview features are not enabled for com/company/service/UserService (class file version 66.65535). Try running with &apos;--enable-preview&apos;" type="java.lang.UnsupportedClassVersionError"><![CDATA[java.lang.UnsupportedClassVersionError: Preview features are not enabled for com/company/service/UserService (class file version 66.65535). Try running with '--enable-preview'
	at com.company.UserTest.test_username_does_not_exist_in_database(UserTest.java:38)
	at java.base/java.lang.reflect.Method.invoke(Method.java:580)
	at java.base/java.util.ArrayList.forEach(ArrayList.java:1597)
	at java.base/java.util.ArrayList.forEach(ArrayList.java:1597)
]]></error>
  </testcase>
</testsuite>